{"C:\\Users\\IqballFarhan\\Documents\\Hacktiv8\\Phase2\\Week3\\HackTruck\\server\\app.js": {"path":"C:\\Users\\IqballFarhan\\Documents\\Hacktiv8\\Phase2\\Week3\\HackTruck\\server\\app.js","statementMap":{"0":{"start":{"line":1,"column":0},"end":{"line":1,"column":27}},"1":{"start":{"line":2,"column":16},"end":{"line":2,"column":34}},"2":{"start":{"line":3,"column":13},"end":{"line":3,"column":28}},"3":{"start":{"line":4,"column":22},"end":{"line":4,"column":41}},"4":{"start":{"line":5,"column":19},"end":{"line":5,"column":49}},"5":{"start":{"line":6,"column":19},"end":{"line":6,"column":49}},"6":{"start":{"line":7,"column":17},"end":{"line":7,"column":45}},"7":{"start":{"line":8,"column":21},"end":{"line":8,"column":60}},"8":{"start":{"line":9,"column":20},"end":{"line":9,"column":45}},"9":{"start":{"line":11,"column":12},"end":{"line":11,"column":21}},"10":{"start":{"line":14,"column":20},"end":{"line":19,"column":1}},"11":{"start":{"line":21,"column":0},"end":{"line":21,"column":27}},"12":{"start":{"line":22,"column":0},"end":{"line":22,"column":24}},"13":{"start":{"line":23,"column":0},"end":{"line":23,"column":48}},"14":{"start":{"line":26,"column":0},"end":{"line":26,"column":33}},"15":{"start":{"line":27,"column":0},"end":{"line":27,"column":34}},"16":{"start":{"line":28,"column":0},"end":{"line":28,"column":29}},"17":{"start":{"line":29,"column":0},"end":{"line":29,"column":31}},"18":{"start":{"line":32,"column":0},"end":{"line":32,"column":22}},"19":{"start":{"line":37,"column":0},"end":{"line":39,"column":1}},"20":{"start":{"line":38,"column":2},"end":{"line":38,"column":29}},"21":{"start":{"line":42,"column":13},"end":{"line":42,"column":37}},"22":{"start":{"line":44,"column":0},"end":{"line":54,"column":5}},"23":{"start":{"line":47,"column":4},"end":{"line":47,"column":38}},"24":{"start":{"line":48,"column":4},"end":{"line":50,"column":7}},"25":{"start":{"line":49,"column":6},"end":{"line":49,"column":52}},"26":{"start":{"line":53,"column":4},"end":{"line":53,"column":63}},"27":{"start":{"line":56,"column":0},"end":{"line":56,"column":21}}},"fnMap":{"0":{"name":"(anonymous_0)","decl":{"start":{"line":46,"column":8},"end":{"line":46,"column":9}},"loc":{"start":{"line":46,"column":14},"end":{"line":51,"column":3}},"line":46},"1":{"name":"(anonymous_1)","decl":{"start":{"line":48,"column":21},"end":{"line":48,"column":22}},"loc":{"start":{"line":48,"column":27},"end":{"line":50,"column":5}},"line":48},"2":{"name":"(anonymous_2)","decl":{"start":{"line":52,"column":9},"end":{"line":52,"column":10}},"loc":{"start":{"line":52,"column":20},"end":{"line":54,"column":3}},"line":52}},"branchMap":{"0":{"loc":{"start":{"line":37,"column":0},"end":{"line":39,"column":1}},"type":"if","locations":[{"start":{"line":37,"column":0},"end":{"line":39,"column":1}},{"start":{},"end":{}}],"line":37},"1":{"loc":{"start":{"line":42,"column":13},"end":{"line":42,"column":37}},"type":"binary-expr","locations":[{"start":{"line":42,"column":13},"end":{"line":42,"column":29}},{"start":{"line":42,"column":33},"end":{"line":42,"column":37}}],"line":42}},"s":{"0":1,"1":1,"2":1,"3":1,"4":1,"5":1,"6":1,"7":1,"8":1,"9":1,"10":1,"11":1,"12":1,"13":1,"14":1,"15":1,"16":1,"17":1,"18":1,"19":1,"20":1,"21":1,"22":1,"23":1,"24":1,"25":1,"26":0,"27":1},"f":{"0":1,"1":1,"2":0},"b":{"0":[1,0],"1":[1,0]},"_coverageSchema":"1a1c01bbd47fc00a2c39e90264f33305004495a9","hash":"d9773b43d3937bd24eb574930075918abc26a87c"}
,"C:\\Users\\IqballFarhan\\Documents\\Hacktiv8\\Phase2\\Week3\\HackTruck\\server\\controllers\\aiController.js": {"path":"C:\\Users\\IqballFarhan\\Documents\\Hacktiv8\\Phase2\\Week3\\HackTruck\\server\\controllers\\aiController.js","statementMap":{"0":{"start":{"line":1,"column":33},"end":{"line":1,"column":73}},"1":{"start":{"line":2,"column":23},"end":{"line":2,"column":53}},"2":{"start":{"line":3,"column":17},"end":{"line":3,"column":37}},"3":{"start":{"line":4,"column":36},"end":{"line":4,"column":64}},"4":{"start":{"line":6,"column":15},"end":{"line":8,"column":2}},"5":{"start":{"line":10,"column":23},"end":{"line":17,"column":1}},"6":{"start":{"line":13,"column":2},"end":{"line":16,"column":4}},"7":{"start":{"line":19,"column":31},"end":{"line":120,"column":1}},"8":{"start":{"line":20,"column":2},"end":{"line":119,"column":3}},"9":{"start":{"line":21,"column":22},"end":{"line":21,"column":30}},"10":{"start":{"line":24,"column":18},"end":{"line":24,"column":38}},"11":{"start":{"line":25,"column":21},"end":{"line":25,"column":61}},"12":{"start":{"line":25,"column":38},"end":{"line":25,"column":60}},"13":{"start":{"line":31,"column":25},"end":{"line":31,"column":46}},"14":{"start":{"line":34,"column":26},"end":{"line":44,"column":6}},"15":{"start":{"line":36,"column":8},"end":{"line":37,"column":53}},"16":{"start":{"line":39,"column":8},"end":{"line":39,"column":64}},"17":{"start":{"line":40,"column":27},"end":{"line":40,"column":61}},"18":{"start":{"line":41,"column":28},"end":{"line":41,"column":61}},"19":{"start":{"line":43,"column":6},"end":{"line":43,"column":79}},"20":{"start":{"line":59,"column":4},"end":{"line":65,"column":5}},"21":{"start":{"line":60,"column":6},"end":{"line":64,"column":9}},"22":{"start":{"line":68,"column":30},"end":{"line":84,"column":17}},"23":{"start":{"line":70,"column":18},"end":{"line":82,"column":1}},"24":{"start":{"line":87,"column":19},"end":{"line":92,"column":1}},"25":{"start":{"line":94,"column":25},"end":{"line":94,"column":57}},"26":{"start":{"line":95,"column":4},"end":{"line":107,"column":5}},"27":{"start":{"line":96,"column":6},"end":{"line":96,"column":61}},"28":{"start":{"line":98,"column":6},"end":{"line":98,"column":40}},"29":{"start":{"line":101,"column":24},"end":{"line":104,"column":11}},"30":{"start":{"line":103,"column":8},"end":{"line":103,"column":60}},"31":{"start":{"line":106,"column":6},"end":{"line":106,"column":67}},"32":{"start":{"line":109,"column":4},"end":{"line":112,"column":7}},"33":{"start":{"line":114,"column":4},"end":{"line":114,"column":61}},"34":{"start":{"line":115,"column":4},"end":{"line":118,"column":7}},"35":{"start":{"line":122,"column":0},"end":{"line":122,"column":44}}},"fnMap":{"0":{"name":"(anonymous_0)","decl":{"start":{"line":10,"column":23},"end":{"line":10,"column":24}},"loc":{"start":{"line":10,"column":34},"end":{"line":17,"column":1}},"line":10},"1":{"name":"(anonymous_1)","decl":{"start":{"line":19,"column":31},"end":{"line":19,"column":32}},"loc":{"start":{"line":19,"column":57},"end":{"line":120,"column":1}},"line":19},"2":{"name":"(anonymous_2)","decl":{"start":{"line":25,"column":31},"end":{"line":25,"column":32}},"loc":{"start":{"line":25,"column":38},"end":{"line":25,"column":60}},"line":25},"3":{"name":"(anonymous_3)","decl":{"start":{"line":34,"column":42},"end":{"line":34,"column":43}},"loc":{"start":{"line":34,"column":52},"end":{"line":44,"column":5}},"line":34},"4":{"name":"(anonymous_4)","decl":{"start":{"line":70,"column":8},"end":{"line":70,"column":9}},"loc":{"start":{"line":70,"column":18},"end":{"line":82,"column":1}},"line":70},"5":{"name":"(anonymous_5)","decl":{"start":{"line":101,"column":43},"end":{"line":101,"column":44}},"loc":{"start":{"line":101,"column":53},"end":{"line":104,"column":7}},"line":101}},"branchMap":{"0":{"loc":{"start":{"line":36,"column":8},"end":{"line":37,"column":53}},"type":"binary-expr","locations":[{"start":{"line":36,"column":8},"end":{"line":36,"column":43}},{"start":{"line":37,"column":8},"end":{"line":37,"column":53}}],"line":36},"1":{"loc":{"start":{"line":39,"column":8},"end":{"line":39,"column":64}},"type":"binary-expr","locations":[{"start":{"line":39,"column":8},"end":{"line":39,"column":22}},{"start":{"line":39,"column":26},"end":{"line":39,"column":64}}],"line":39},"2":{"loc":{"start":{"line":40,"column":27},"end":{"line":40,"column":61}},"type":"binary-expr","locations":[{"start":{"line":40,"column":27},"end":{"line":40,"column":37}},{"start":{"line":40,"column":41},"end":{"line":40,"column":61}}],"line":40},"3":{"loc":{"start":{"line":41,"column":28},"end":{"line":41,"column":61}},"type":"binary-expr","locations":[{"start":{"line":41,"column":28},"end":{"line":41,"column":39}},{"start":{"line":41,"column":43},"end":{"line":41,"column":61}}],"line":41},"4":{"loc":{"start":{"line":43,"column":13},"end":{"line":43,"column":78}},"type":"binary-expr","locations":[{"start":{"line":43,"column":13},"end":{"line":43,"column":25}},{"start":{"line":43,"column":29},"end":{"line":43,"column":45}},{"start":{"line":43,"column":49},"end":{"line":43,"column":61}},{"start":{"line":43,"column":65},"end":{"line":43,"column":78}}],"line":43},"5":{"loc":{"start":{"line":59,"column":4},"end":{"line":65,"column":5}},"type":"if","locations":[{"start":{"line":59,"column":4},"end":{"line":65,"column":5}},{"start":{},"end":{}}],"line":59},"6":{"loc":{"start":{"line":71,"column":18},"end":{"line":71,"column":52}},"type":"binary-expr","locations":[{"start":{"line":71,"column":18},"end":{"line":71,"column":31}},{"start":{"line":71,"column":35},"end":{"line":71,"column":52}}],"line":71},"7":{"loc":{"start":{"line":72,"column":13},"end":{"line":72,"column":51}},"type":"binary-expr","locations":[{"start":{"line":72,"column":13},"end":{"line":72,"column":26}},{"start":{"line":72,"column":30},"end":{"line":72,"column":51}}],"line":72},"8":{"loc":{"start":{"line":73,"column":10},"end":{"line":73,"column":39}},"type":"binary-expr","locations":[{"start":{"line":73,"column":10},"end":{"line":73,"column":18}},{"start":{"line":73,"column":22},"end":{"line":73,"column":39}}],"line":73},"9":{"loc":{"start":{"line":74,"column":15},"end":{"line":74,"column":49}},"type":"binary-expr","locations":[{"start":{"line":74,"column":15},"end":{"line":74,"column":28}},{"start":{"line":74,"column":32},"end":{"line":74,"column":49}}],"line":74},"10":{"loc":{"start":{"line":75,"column":14},"end":{"line":75,"column":46}},"type":"binary-expr","locations":[{"start":{"line":75,"column":14},"end":{"line":75,"column":25}},{"start":{"line":75,"column":29},"end":{"line":75,"column":46}}],"line":75},"11":{"loc":{"start":{"line":76,"column":11},"end":{"line":76,"column":65}},"type":"cond-expr","locations":[{"start":{"line":76,"column":21},"end":{"line":76,"column":45}},{"start":{"line":76,"column":48},"end":{"line":76,"column":65}}],"line":76},"12":{"loc":{"start":{"line":77,"column":18},"end":{"line":77,"column":54}},"type":"binary-expr","locations":[{"start":{"line":77,"column":18},"end":{"line":77,"column":33}},{"start":{"line":77,"column":37},"end":{"line":77,"column":54}}],"line":77},"13":{"loc":{"start":{"line":78,"column":10},"end":{"line":78,"column":39}},"type":"binary-expr","locations":[{"start":{"line":78,"column":10},"end":{"line":78,"column":18}},{"start":{"line":78,"column":22},"end":{"line":78,"column":39}}],"line":78},"14":{"loc":{"start":{"line":79,"column":20},"end":{"line":79,"column":52}},"type":"binary-expr","locations":[{"start":{"line":79,"column":20},"end":{"line":79,"column":37}},{"start":{"line":79,"column":41},"end":{"line":79,"column":52}}],"line":79},"15":{"loc":{"start":{"line":80,"column":11},"end":{"line":80,"column":35}},"type":"binary-expr","locations":[{"start":{"line":80,"column":11},"end":{"line":80,"column":20}},{"start":{"line":80,"column":24},"end":{"line":80,"column":35}}],"line":80},"16":{"loc":{"start":{"line":81,"column":10},"end":{"line":81,"column":33}},"type":"binary-expr","locations":[{"start":{"line":81,"column":10},"end":{"line":81,"column":18}},{"start":{"line":81,"column":22},"end":{"line":81,"column":33}}],"line":81},"17":{"loc":{"start":{"line":103,"column":15},"end":{"line":103,"column":59}},"type":"binary-expr","locations":[{"start":{"line":103,"column":16},"end":{"line":103,"column":35}},{"start":{"line":103,"column":41},"end":{"line":103,"column":58}}],"line":103}},"s":{"0":1,"1":1,"2":1,"3":1,"4":1,"5":1,"6":3,"7":1,"8":3,"9":3,"10":3,"11":3,"12":0,"13":3,"14":3,"15":0,"16":0,"17":0,"18":0,"19":0,"20":3,"21":3,"22":0,"23":0,"24":0,"25":0,"26":0,"27":0,"28":0,"29":0,"30":0,"31":0,"32":0,"33":0,"34":0,"35":1},"f":{"0":3,"1":3,"2":0,"3":0,"4":0,"5":0},"b":{"0":[0,0],"1":[0,0],"2":[0,0],"3":[0,0],"4":[0,0,0,0],"5":[3,0],"6":[0,0],"7":[0,0],"8":[0,0],"9":[0,0],"10":[0,0],"11":[0,0],"12":[0,0],"13":[0,0],"14":[0,0],"15":[0,0],"16":[0,0],"17":[0,0]},"_coverageSchema":"1a1c01bbd47fc00a2c39e90264f33305004495a9","hash":"17aab5f1e8ce3571fbb59a7f0296576893a32c27"}
,"C:\\Users\\IqballFarhan\\Documents\\Hacktiv8\\Phase2\\Week3\\HackTruck\\server\\controllers\\authController.js": {"path":"C:\\Users\\IqballFarhan\\Documents\\Hacktiv8\\Phase2\\Week3\\HackTruck\\server\\controllers\\authController.js","statementMap":{"0":{"start":{"line":1,"column":15},"end":{"line":1,"column":32}},"1":{"start":{"line":2,"column":12},"end":{"line":2,"column":35}},"2":{"start":{"line":3,"column":17},"end":{"line":3,"column":37}},"3":{"start":{"line":4,"column":15},"end":{"line":4,"column":35}},"4":{"start":{"line":5,"column":30},"end":{"line":5,"column":62}},"5":{"start":{"line":7,"column":17},"end":{"line":32,"column":1}},"6":{"start":{"line":8,"column":2},"end":{"line":31,"column":3}},"7":{"start":{"line":9,"column":44},"end":{"line":9,"column":52}},"8":{"start":{"line":11,"column":25},"end":{"line":11,"column":65}},"9":{"start":{"line":12,"column":4},"end":{"line":14,"column":5}},"10":{"start":{"line":13,"column":6},"end":{"line":13,"column":71}},"11":{"start":{"line":16,"column":27},"end":{"line":16,"column":58}},"12":{"start":{"line":17,"column":17},"end":{"line":22,"column":6}},"13":{"start":{"line":24,"column":18},"end":{"line":26,"column":6}},"14":{"start":{"line":28,"column":4},"end":{"line":28,"column":78}},"15":{"start":{"line":30,"column":4},"end":{"line":30,"column":16}},"16":{"start":{"line":34,"column":14},"end":{"line":56,"column":1}},"17":{"start":{"line":35,"column":2},"end":{"line":55,"column":3}},"18":{"start":{"line":36,"column":32},"end":{"line":36,"column":40}},"19":{"start":{"line":37,"column":17},"end":{"line":37,"column":57}},"20":{"start":{"line":39,"column":4},"end":{"line":41,"column":5}},"21":{"start":{"line":40,"column":6},"end":{"line":40,"column":70}},"22":{"start":{"line":43,"column":20},"end":{"line":43,"column":65}},"23":{"start":{"line":44,"column":4},"end":{"line":46,"column":5}},"24":{"start":{"line":45,"column":6},"end":{"line":45,"column":70}},"25":{"start":{"line":48,"column":18},"end":{"line":50,"column":6}},"26":{"start":{"line":52,"column":4},"end":{"line":52,"column":88}},"27":{"start":{"line":54,"column":4},"end":{"line":54,"column":16}},"28":{"start":{"line":58,"column":20},"end":{"line":85,"column":1}},"29":{"start":{"line":59,"column":2},"end":{"line":84,"column":3}},"30":{"start":{"line":60,"column":22},"end":{"line":60,"column":30}},"31":{"start":{"line":61,"column":20},"end":{"line":61,"column":50}},"32":{"start":{"line":63,"column":15},"end":{"line":63,"column":71}},"33":{"start":{"line":65,"column":4},"end":{"line":72,"column":5}},"34":{"start":{"line":66,"column":6},"end":{"line":71,"column":9}},"35":{"start":{"line":74,"column":21},"end":{"line":76,"column":6}},"36":{"start":{"line":78,"column":4},"end":{"line":81,"column":7}},"37":{"start":{"line":83,"column":4},"end":{"line":83,"column":16}},"38":{"start":{"line":87,"column":22},"end":{"line":145,"column":1}},"39":{"start":{"line":88,"column":2},"end":{"line":144,"column":3}},"40":{"start":{"line":89,"column":38},"end":{"line":89,"column":46}},"41":{"start":{"line":90,"column":19},"end":{"line":90,"column":30}},"42":{"start":{"line":93,"column":4},"end":{"line":104,"column":5}},"43":{"start":{"line":94,"column":27},"end":{"line":99,"column":8}},"44":{"start":{"line":101,"column":6},"end":{"line":103,"column":7}},"45":{"start":{"line":102,"column":8},"end":{"line":102,"column":92}},"46":{"start":{"line":107,"column":4},"end":{"line":118,"column":5}},"47":{"start":{"line":108,"column":27},"end":{"line":113,"column":8}},"48":{"start":{"line":115,"column":6},"end":{"line":117,"column":7}},"49":{"start":{"line":116,"column":8},"end":{"line":116,"column":95}},"50":{"start":{"line":121,"column":17},"end":{"line":121,"column":44}},"51":{"start":{"line":122,"column":4},"end":{"line":124,"column":5}},"52":{"start":{"line":123,"column":6},"end":{"line":123,"column":65}},"53":{"start":{"line":127,"column":4},"end":{"line":127,"column":31}},"54":{"start":{"line":127,"column":14},"end":{"line":127,"column":31}},"55":{"start":{"line":128,"column":4},"end":{"line":128,"column":43}},"56":{"start":{"line":128,"column":18},"end":{"line":128,"column":43}},"57":{"start":{"line":129,"column":4},"end":{"line":129,"column":34}},"58":{"start":{"line":129,"column":15},"end":{"line":129,"column":34}},"59":{"start":{"line":131,"column":4},"end":{"line":131,"column":22}},"60":{"start":{"line":134,"column":4},"end":{"line":141,"column":7}},"61":{"start":{"line":143,"column":4},"end":{"line":143,"column":16}},"62":{"start":{"line":147,"column":23},"end":{"line":180,"column":1}},"63":{"start":{"line":148,"column":2},"end":{"line":179,"column":3}},"64":{"start":{"line":149,"column":45},"end":{"line":149,"column":53}},"65":{"start":{"line":150,"column":19},"end":{"line":150,"column":30}},"66":{"start":{"line":153,"column":17},"end":{"line":153,"column":44}},"67":{"start":{"line":154,"column":4},"end":{"line":156,"column":5}},"68":{"start":{"line":155,"column":6},"end":{"line":155,"column":65}},"69":{"start":{"line":159,"column":4},"end":{"line":161,"column":5}},"70":{"start":{"line":160,"column":6},"end":{"line":160,"column":106}},"71":{"start":{"line":164,"column":20},"end":{"line":164,"column":72}},"72":{"start":{"line":165,"column":4},"end":{"line":167,"column":5}},"73":{"start":{"line":166,"column":6},"end":{"line":166,"column":80}},"74":{"start":{"line":170,"column":27},"end":{"line":170,"column":61}},"75":{"start":{"line":173,"column":4},"end":{"line":173,"column":35}},"76":{"start":{"line":174,"column":4},"end":{"line":174,"column":22}},"77":{"start":{"line":176,"column":4},"end":{"line":176,"column":59}},"78":{"start":{"line":178,"column":4},"end":{"line":178,"column":16}},"79":{"start":{"line":182,"column":0},"end":{"line":182,"column":81}}},"fnMap":{"0":{"name":"(anonymous_0)","decl":{"start":{"line":7,"column":17},"end":{"line":7,"column":18}},"loc":{"start":{"line":7,"column":43},"end":{"line":32,"column":1}},"line":7},"1":{"name":"(anonymous_1)","decl":{"start":{"line":34,"column":14},"end":{"line":34,"column":15}},"loc":{"start":{"line":34,"column":40},"end":{"line":56,"column":1}},"line":34},"2":{"name":"(anonymous_2)","decl":{"start":{"line":58,"column":20},"end":{"line":58,"column":21}},"loc":{"start":{"line":58,"column":46},"end":{"line":85,"column":1}},"line":58},"3":{"name":"(anonymous_3)","decl":{"start":{"line":87,"column":22},"end":{"line":87,"column":23}},"loc":{"start":{"line":87,"column":48},"end":{"line":145,"column":1}},"line":87},"4":{"name":"(anonymous_4)","decl":{"start":{"line":147,"column":23},"end":{"line":147,"column":24}},"loc":{"start":{"line":147,"column":49},"end":{"line":180,"column":1}},"line":147}},"branchMap":{"0":{"loc":{"start":{"line":12,"column":4},"end":{"line":14,"column":5}},"type":"if","locations":[{"start":{"line":12,"column":4},"end":{"line":14,"column":5}},{"start":{},"end":{}}],"line":12},"1":{"loc":{"start":{"line":39,"column":4},"end":{"line":41,"column":5}},"type":"if","locations":[{"start":{"line":39,"column":4},"end":{"line":41,"column":5}},{"start":{},"end":{}}],"line":39},"2":{"loc":{"start":{"line":39,"column":8},"end":{"line":39,"column":31}},"type":"binary-expr","locations":[{"start":{"line":39,"column":8},"end":{"line":39,"column":13}},{"start":{"line":39,"column":17},"end":{"line":39,"column":31}}],"line":39},"3":{"loc":{"start":{"line":44,"column":4},"end":{"line":46,"column":5}},"type":"if","locations":[{"start":{"line":44,"column":4},"end":{"line":46,"column":5}},{"start":{},"end":{}}],"line":44},"4":{"loc":{"start":{"line":65,"column":4},"end":{"line":72,"column":5}},"type":"if","locations":[{"start":{"line":65,"column":4},"end":{"line":72,"column":5}},{"start":{},"end":{}}],"line":65},"5":{"loc":{"start":{"line":93,"column":4},"end":{"line":104,"column":5}},"type":"if","locations":[{"start":{"line":93,"column":4},"end":{"line":104,"column":5}},{"start":{},"end":{}}],"line":93},"6":{"loc":{"start":{"line":101,"column":6},"end":{"line":103,"column":7}},"type":"if","locations":[{"start":{"line":101,"column":6},"end":{"line":103,"column":7}},{"start":{},"end":{}}],"line":101},"7":{"loc":{"start":{"line":107,"column":4},"end":{"line":118,"column":5}},"type":"if","locations":[{"start":{"line":107,"column":4},"end":{"line":118,"column":5}},{"start":{},"end":{}}],"line":107},"8":{"loc":{"start":{"line":115,"column":6},"end":{"line":117,"column":7}},"type":"if","locations":[{"start":{"line":115,"column":6},"end":{"line":117,"column":7}},{"start":{},"end":{}}],"line":115},"9":{"loc":{"start":{"line":122,"column":4},"end":{"line":124,"column":5}},"type":"if","locations":[{"start":{"line":122,"column":4},"end":{"line":124,"column":5}},{"start":{},"end":{}}],"line":122},"10":{"loc":{"start":{"line":127,"column":4},"end":{"line":127,"column":31}},"type":"if","locations":[{"start":{"line":127,"column":4},"end":{"line":127,"column":31}},{"start":{},"end":{}}],"line":127},"11":{"loc":{"start":{"line":128,"column":4},"end":{"line":128,"column":43}},"type":"if","locations":[{"start":{"line":128,"column":4},"end":{"line":128,"column":43}},{"start":{},"end":{}}],"line":128},"12":{"loc":{"start":{"line":129,"column":4},"end":{"line":129,"column":34}},"type":"if","locations":[{"start":{"line":129,"column":4},"end":{"line":129,"column":34}},{"start":{},"end":{}}],"line":129},"13":{"loc":{"start":{"line":154,"column":4},"end":{"line":156,"column":5}},"type":"if","locations":[{"start":{"line":154,"column":4},"end":{"line":156,"column":5}},{"start":{},"end":{}}],"line":154},"14":{"loc":{"start":{"line":159,"column":4},"end":{"line":161,"column":5}},"type":"if","locations":[{"start":{"line":159,"column":4},"end":{"line":161,"column":5}},{"start":{},"end":{}}],"line":159},"15":{"loc":{"start":{"line":165,"column":4},"end":{"line":167,"column":5}},"type":"if","locations":[{"start":{"line":165,"column":4},"end":{"line":167,"column":5}},{"start":{},"end":{}}],"line":165}},"s":{"0":1,"1":1,"2":1,"3":1,"4":1,"5":1,"6":7,"7":7,"8":5,"9":5,"10":2,"11":3,"12":3,"13":3,"14":3,"15":2,"16":1,"17":6,"18":6,"19":5,"20":5,"21":2,"22":3,"23":3,"24":1,"25":2,"26":2,"27":1,"28":1,"29":2,"30":2,"31":1,"32":0,"33":0,"34":0,"35":0,"36":0,"37":2,"38":1,"39":2,"40":2,"41":1,"42":1,"43":0,"44":0,"45":0,"46":1,"47":0,"48":0,"49":0,"50":1,"51":1,"52":0,"53":1,"54":1,"55":1,"56":0,"57":1,"58":0,"59":1,"60":1,"61":1,"62":1,"63":2,"64":2,"65":2,"66":2,"67":2,"68":0,"69":2,"70":0,"71":2,"72":2,"73":1,"74":1,"75":1,"76":1,"77":1,"78":0,"79":1},"f":{"0":7,"1":6,"2":2,"3":2,"4":2},"b":{"0":[2,3],"1":[2,3],"2":[5,3],"3":[1,2],"4":[0,0],"5":[0,1],"6":[0,0],"7":[0,1],"8":[0,0],"9":[0,1],"10":[1,0],"11":[0,1],"12":[0,1],"13":[0,2],"14":[0,2],"15":[1,1]},"_coverageSchema":"1a1c01bbd47fc00a2c39e90264f33305004495a9","hash":"aadd15521e2ad726062fbd449d6d4d4761777b0f"}
,"C:\\Users\\IqballFarhan\\Documents\\Hacktiv8\\Phase2\\Week3\\HackTruck\\server\\controllers\\cargoController.js": {"path":"C:\\Users\\IqballFarhan\\Documents\\Hacktiv8\\Phase2\\Week3\\HackTruck\\server\\controllers\\cargoController.js","statementMap":{"0":{"start":{"line":1,"column":17},"end":{"line":1,"column":37}},"1":{"start":{"line":2,"column":36},"end":{"line":2,"column":64}},"2":{"start":{"line":4,"column":23},"end":{"line":58,"column":1}},"3":{"start":{"line":5,"column":2},"end":{"line":57,"column":3}},"4":{"start":{"line":6,"column":31},"end":{"line":6,"column":39}},"5":{"start":{"line":7,"column":4},"end":{"line":7,"column":33}},"6":{"start":{"line":8,"column":4},"end":{"line":8,"column":37}},"7":{"start":{"line":11,"column":16},"end":{"line":11,"column":36}},"8":{"start":{"line":14,"column":4},"end":{"line":27,"column":5}},"9":{"start":{"line":15,"column":6},"end":{"line":17,"column":7}},"10":{"start":{"line":16,"column":8},"end":{"line":16,"column":71}},"11":{"start":{"line":16,"column":37},"end":{"line":16,"column":69}},"12":{"start":{"line":18,"column":6},"end":{"line":20,"column":7}},"13":{"start":{"line":19,"column":8},"end":{"line":19,"column":103}},"14":{"start":{"line":19,"column":37},"end":{"line":19,"column":101}},"15":{"start":{"line":21,"column":6},"end":{"line":23,"column":7}},"16":{"start":{"line":22,"column":8},"end":{"line":22,"column":103}},"17":{"start":{"line":22,"column":37},"end":{"line":22,"column":101}},"18":{"start":{"line":24,"column":6},"end":{"line":26,"column":7}},"19":{"start":{"line":25,"column":8},"end":{"line":25,"column":113}},"20":{"start":{"line":25,"column":37},"end":{"line":25,"column":111}},"21":{"start":{"line":29,"column":22},"end":{"line":33,"column":16}},"22":{"start":{"line":30,"column":6},"end":{"line":32,"column":62}},"23":{"start":{"line":36,"column":19},"end":{"line":46,"column":1}},"24":{"start":{"line":48,"column":27},"end":{"line":48,"column":92}},"25":{"start":{"line":50,"column":4},"end":{"line":53,"column":7}},"26":{"start":{"line":52,"column":28},"end":{"line":52,"column":38}},"27":{"start":{"line":55,"column":4},"end":{"line":55,"column":51}},"28":{"start":{"line":56,"column":4},"end":{"line":56,"column":14}},"29":{"start":{"line":60,"column":0},"end":{"line":60,"column":36}}},"fnMap":{"0":{"name":"(anonymous_0)","decl":{"start":{"line":4,"column":23},"end":{"line":4,"column":24}},"loc":{"start":{"line":4,"column":49},"end":{"line":58,"column":1}},"line":4},"1":{"name":"(anonymous_1)","decl":{"start":{"line":16,"column":29},"end":{"line":16,"column":30}},"loc":{"start":{"line":16,"column":37},"end":{"line":16,"column":69}},"line":16},"2":{"name":"(anonymous_2)","decl":{"start":{"line":19,"column":29},"end":{"line":19,"column":30}},"loc":{"start":{"line":19,"column":37},"end":{"line":19,"column":101}},"line":19},"3":{"name":"(anonymous_3)","decl":{"start":{"line":22,"column":29},"end":{"line":22,"column":30}},"loc":{"start":{"line":22,"column":37},"end":{"line":22,"column":101}},"line":22},"4":{"name":"(anonymous_4)","decl":{"start":{"line":25,"column":29},"end":{"line":25,"column":30}},"loc":{"start":{"line":25,"column":37},"end":{"line":25,"column":111}},"line":25},"5":{"name":"(anonymous_5)","decl":{"start":{"line":29,"column":32},"end":{"line":29,"column":33}},"loc":{"start":{"line":30,"column":6},"end":{"line":32,"column":62}},"line":30},"6":{"name":"(anonymous_6)","decl":{"start":{"line":52,"column":23},"end":{"line":52,"column":24}},"loc":{"start":{"line":52,"column":28},"end":{"line":52,"column":38}},"line":52}},"branchMap":{"0":{"loc":{"start":{"line":14,"column":4},"end":{"line":27,"column":5}},"type":"if","locations":[{"start":{"line":14,"column":4},"end":{"line":27,"column":5}},{"start":{},"end":{}}],"line":14},"1":{"loc":{"start":{"line":15,"column":6},"end":{"line":17,"column":7}},"type":"if","locations":[{"start":{"line":15,"column":6},"end":{"line":17,"column":7}},{"start":{},"end":{}}],"line":15},"2":{"loc":{"start":{"line":18,"column":6},"end":{"line":20,"column":7}},"type":"if","locations":[{"start":{"line":18,"column":6},"end":{"line":20,"column":7}},{"start":{},"end":{}}],"line":18},"3":{"loc":{"start":{"line":21,"column":6},"end":{"line":23,"column":7}},"type":"if","locations":[{"start":{"line":21,"column":6},"end":{"line":23,"column":7}},{"start":{},"end":{}}],"line":21},"4":{"loc":{"start":{"line":24,"column":6},"end":{"line":26,"column":7}},"type":"if","locations":[{"start":{"line":24,"column":6},"end":{"line":26,"column":7}},{"start":{},"end":{}}],"line":24},"5":{"loc":{"start":{"line":32,"column":18},"end":{"line":32,"column":60}},"type":"cond-expr","locations":[{"start":{"line":32,"column":28},"end":{"line":32,"column":52}},{"start":{"line":32,"column":55},"end":{"line":32,"column":60}}],"line":32}},"s":{"0":1,"1":1,"2":1,"3":0,"4":0,"5":0,"6":0,"7":0,"8":0,"9":0,"10":0,"11":0,"12":0,"13":0,"14":0,"15":0,"16":0,"17":0,"18":0,"19":0,"20":0,"21":0,"22":0,"23":0,"24":0,"25":0,"26":0,"27":0,"28":0,"29":1},"f":{"0":0,"1":0,"2":0,"3":0,"4":0,"5":0,"6":0},"b":{"0":[0,0],"1":[0,0],"2":[0,0],"3":[0,0],"4":[0,0],"5":[0,0]},"_coverageSchema":"1a1c01bbd47fc00a2c39e90264f33305004495a9","hash":"e396a6d3d11638df606c3dabf414cb8e739bfc2e"}
,"C:\\Users\\IqballFarhan\\Documents\\Hacktiv8\\Phase2\\Week3\\HackTruck\\server\\controllers\\postController.js": {"path":"C:\\Users\\IqballFarhan\\Documents\\Hacktiv8\\Phase2\\Week3\\HackTruck\\server\\controllers\\postController.js","statementMap":{"0":{"start":{"line":1,"column":15},"end":{"line":1,"column":35}},"1":{"start":{"line":2,"column":17},"end":{"line":2,"column":37}},"2":{"start":{"line":3,"column":24},"end":{"line":3,"column":56}},"3":{"start":{"line":5,"column":19},"end":{"line":35,"column":1}},"4":{"start":{"line":6,"column":2},"end":{"line":34,"column":3}},"5":{"start":{"line":7,"column":106},"end":{"line":7,"column":114}},"6":{"start":{"line":10,"column":4},"end":{"line":12,"column":5}},"7":{"start":{"line":11,"column":6},"end":{"line":11,"column":45}},"8":{"start":{"line":15,"column":23},"end":{"line":15,"column":68}},"9":{"start":{"line":17,"column":17},"end":{"line":28,"column":6}},"10":{"start":{"line":30,"column":4},"end":{"line":30,"column":31}},"11":{"start":{"line":32,"column":4},"end":{"line":32,"column":49}},"12":{"start":{"line":33,"column":4},"end":{"line":33,"column":16}},"13":{"start":{"line":37,"column":17},"end":{"line":69,"column":1}},"14":{"start":{"line":38,"column":2},"end":{"line":68,"column":3}},"15":{"start":{"line":39,"column":94},"end":{"line":39,"column":103}},"16":{"start":{"line":40,"column":19},"end":{"line":40,"column":37}},"17":{"start":{"line":42,"column":18},"end":{"line":42,"column":20}},"18":{"start":{"line":43,"column":4},"end":{"line":48,"column":5}},"19":{"start":{"line":44,"column":6},"end":{"line":47,"column":8}},"20":{"start":{"line":49,"column":4},"end":{"line":51,"column":5}},"21":{"start":{"line":50,"column":6},"end":{"line":50,"column":34}},"22":{"start":{"line":53,"column":18},"end":{"line":59,"column":6}},"23":{"start":{"line":61,"column":4},"end":{"line":65,"column":7}},"24":{"start":{"line":67,"column":4},"end":{"line":67,"column":16}},"25":{"start":{"line":71,"column":23},"end":{"line":81,"column":1}},"26":{"start":{"line":72,"column":2},"end":{"line":80,"column":3}},"27":{"start":{"line":73,"column":18},"end":{"line":76,"column":6}},"28":{"start":{"line":77,"column":4},"end":{"line":77,"column":20}},"29":{"start":{"line":79,"column":4},"end":{"line":79,"column":16}},"30":{"start":{"line":83,"column":19},"end":{"line":124,"column":1}},"31":{"start":{"line":84,"column":2},"end":{"line":123,"column":3}},"32":{"start":{"line":85,"column":19},"end":{"line":85,"column":29}},"33":{"start":{"line":86,"column":17},"end":{"line":86,"column":77}},"34":{"start":{"line":88,"column":4},"end":{"line":90,"column":5}},"35":{"start":{"line":89,"column":6},"end":{"line":89,"column":65}},"36":{"start":{"line":92,"column":19},"end":{"line":92,"column":32}},"37":{"start":{"line":93,"column":4},"end":{"line":95,"column":5}},"38":{"start":{"line":94,"column":6},"end":{"line":94,"column":45}},"39":{"start":{"line":98,"column":23},"end":{"line":98,"column":95}},"40":{"start":{"line":101,"column":23},"end":{"line":111,"column":5}},"41":{"start":{"line":114,"column":4},"end":{"line":114,"column":34}},"42":{"start":{"line":117,"column":4},"end":{"line":117,"column":24}},"43":{"start":{"line":119,"column":4},"end":{"line":119,"column":19}},"44":{"start":{"line":121,"column":4},"end":{"line":121,"column":49}},"45":{"start":{"line":122,"column":4},"end":{"line":122,"column":16}},"46":{"start":{"line":126,"column":19},"end":{"line":140,"column":1}},"47":{"start":{"line":127,"column":2},"end":{"line":139,"column":3}},"48":{"start":{"line":128,"column":19},"end":{"line":128,"column":29}},"49":{"start":{"line":129,"column":17},"end":{"line":129,"column":77}},"50":{"start":{"line":131,"column":4},"end":{"line":133,"column":5}},"51":{"start":{"line":132,"column":6},"end":{"line":132,"column":65}},"52":{"start":{"line":135,"column":4},"end":{"line":135,"column":25}},"53":{"start":{"line":136,"column":4},"end":{"line":136,"column":42}},"54":{"start":{"line":138,"column":4},"end":{"line":138,"column":16}},"55":{"start":{"line":142,"column":0},"end":{"line":142,"column":82}}},"fnMap":{"0":{"name":"(anonymous_0)","decl":{"start":{"line":5,"column":19},"end":{"line":5,"column":20}},"loc":{"start":{"line":5,"column":45},"end":{"line":35,"column":1}},"line":5},"1":{"name":"(anonymous_1)","decl":{"start":{"line":37,"column":17},"end":{"line":37,"column":18}},"loc":{"start":{"line":37,"column":43},"end":{"line":69,"column":1}},"line":37},"2":{"name":"(anonymous_2)","decl":{"start":{"line":71,"column":23},"end":{"line":71,"column":24}},"loc":{"start":{"line":71,"column":49},"end":{"line":81,"column":1}},"line":71},"3":{"name":"(anonymous_3)","decl":{"start":{"line":83,"column":19},"end":{"line":83,"column":20}},"loc":{"start":{"line":83,"column":45},"end":{"line":124,"column":1}},"line":83},"4":{"name":"(anonymous_4)","decl":{"start":{"line":126,"column":19},"end":{"line":126,"column":20}},"loc":{"start":{"line":126,"column":45},"end":{"line":140,"column":1}},"line":126}},"branchMap":{"0":{"loc":{"start":{"line":10,"column":4},"end":{"line":12,"column":5}},"type":"if","locations":[{"start":{"line":10,"column":4},"end":{"line":12,"column":5}},{"start":{},"end":{}}],"line":10},"1":{"loc":{"start":{"line":15,"column":23},"end":{"line":15,"column":68}},"type":"cond-expr","locations":[{"start":{"line":15,"column":45},"end":{"line":15,"column":64}},{"start":{"line":15,"column":67},"end":{"line":15,"column":68}}],"line":15},"2":{"loc":{"start":{"line":39,"column":12},"end":{"line":39,"column":20}},"type":"default-arg","locations":[{"start":{"line":39,"column":19},"end":{"line":39,"column":20}}],"line":39},"3":{"loc":{"start":{"line":39,"column":22},"end":{"line":39,"column":32}},"type":"default-arg","locations":[{"start":{"line":39,"column":30},"end":{"line":39,"column":32}}],"line":39},"4":{"loc":{"start":{"line":39,"column":53},"end":{"line":39,"column":73}},"type":"default-arg","locations":[{"start":{"line":39,"column":62},"end":{"line":39,"column":73}}],"line":39},"5":{"loc":{"start":{"line":39,"column":75},"end":{"line":39,"column":89}},"type":"default-arg","locations":[{"start":{"line":39,"column":83},"end":{"line":39,"column":89}}],"line":39},"6":{"loc":{"start":{"line":43,"column":4},"end":{"line":48,"column":5}},"type":"if","locations":[{"start":{"line":43,"column":4},"end":{"line":48,"column":5}},{"start":{},"end":{}}],"line":43},"7":{"loc":{"start":{"line":49,"column":4},"end":{"line":51,"column":5}},"type":"if","locations":[{"start":{"line":49,"column":4},"end":{"line":51,"column":5}},{"start":{},"end":{}}],"line":49},"8":{"loc":{"start":{"line":88,"column":4},"end":{"line":90,"column":5}},"type":"if","locations":[{"start":{"line":88,"column":4},"end":{"line":90,"column":5}},{"start":{},"end":{}}],"line":88},"9":{"loc":{"start":{"line":93,"column":4},"end":{"line":95,"column":5}},"type":"if","locations":[{"start":{"line":93,"column":4},"end":{"line":95,"column":5}},{"start":{},"end":{}}],"line":93},"10":{"loc":{"start":{"line":98,"column":23},"end":{"line":98,"column":95}},"type":"cond-expr","locations":[{"start":{"line":98,"column":54},"end":{"line":98,"column":82}},{"start":{"line":98,"column":85},"end":{"line":98,"column":95}}],"line":98},"11":{"loc":{"start":{"line":102,"column":21},"end":{"line":102,"column":65}},"type":"binary-expr","locations":[{"start":{"line":102,"column":21},"end":{"line":102,"column":43}},{"start":{"line":102,"column":47},"end":{"line":102,"column":65}}],"line":102},"12":{"loc":{"start":{"line":103,"column":14},"end":{"line":103,"column":44}},"type":"binary-expr","locations":[{"start":{"line":103,"column":14},"end":{"line":103,"column":29}},{"start":{"line":103,"column":33},"end":{"line":103,"column":44}}],"line":103},"13":{"loc":{"start":{"line":104,"column":19},"end":{"line":104,"column":59}},"type":"binary-expr","locations":[{"start":{"line":104,"column":19},"end":{"line":104,"column":39}},{"start":{"line":104,"column":43},"end":{"line":104,"column":59}}],"line":104},"14":{"loc":{"start":{"line":105,"column":17},"end":{"line":105,"column":53}},"type":"binary-expr","locations":[{"start":{"line":105,"column":17},"end":{"line":105,"column":35}},{"start":{"line":105,"column":39},"end":{"line":105,"column":53}}],"line":105},"15":{"loc":{"start":{"line":106,"column":17},"end":{"line":106,"column":53}},"type":"binary-expr","locations":[{"start":{"line":106,"column":17},"end":{"line":106,"column":35}},{"start":{"line":106,"column":39},"end":{"line":106,"column":53}}],"line":106},"16":{"loc":{"start":{"line":107,"column":19},"end":{"line":107,"column":59}},"type":"binary-expr","locations":[{"start":{"line":107,"column":19},"end":{"line":107,"column":39}},{"start":{"line":107,"column":43},"end":{"line":107,"column":59}}],"line":107},"17":{"loc":{"start":{"line":109,"column":19},"end":{"line":109,"column":59}},"type":"binary-expr","locations":[{"start":{"line":109,"column":19},"end":{"line":109,"column":39}},{"start":{"line":109,"column":43},"end":{"line":109,"column":59}}],"line":109},"18":{"loc":{"start":{"line":131,"column":4},"end":{"line":133,"column":5}},"type":"if","locations":[{"start":{"line":131,"column":4},"end":{"line":133,"column":5}},{"start":{},"end":{}}],"line":131}},"s":{"0":1,"1":1,"2":1,"3":1,"4":3,"5":3,"6":3,"7":0,"8":3,"9":3,"10":2,"11":1,"12":1,"13":1,"14":4,"15":4,"16":4,"17":4,"18":4,"19":1,"20":4,"21":1,"22":4,"23":4,"24":0,"25":1,"26":1,"27":1,"28":1,"29":0,"30":1,"31":2,"32":2,"33":2,"34":1,"35":0,"36":1,"37":1,"38":0,"39":1,"40":1,"41":1,"42":1,"43":1,"44":1,"45":1,"46":1,"47":3,"48":3,"49":3,"50":2,"51":0,"52":2,"53":2,"54":1,"55":1},"f":{"0":3,"1":4,"2":1,"3":2,"4":3},"b":{"0":[0,3],"1":[2,1],"2":[3],"3":[3],"4":[4],"5":[4],"6":[1,3],"7":[1,3],"8":[0,1],"9":[0,1],"10":[1,0],"11":[1,1],"12":[1,1],"13":[1,1],"14":[1,1],"15":[1,0],"16":[1,0],"17":[1,1],"18":[0,2]},"_coverageSchema":"1a1c01bbd47fc00a2c39e90264f33305004495a9","hash":"b543f1d32bb35cbc4aa9145c9a3dca5204123b57"}
,"C:\\Users\\IqballFarhan\\Documents\\Hacktiv8\\Phase2\\Week3\\HackTruck\\server\\helpers\\cloudinary.js": {"path":"C:\\Users\\IqballFarhan\\Documents\\Hacktiv8\\Phase2\\Week3\\HackTruck\\server\\helpers\\cloudinary.js","statementMap":{"0":{"start":{"line":1,"column":19},"end":{"line":1,"column":43}},"1":{"start":{"line":3,"column":0},"end":{"line":7,"column":3}},"2":{"start":{"line":9,"column":20},"end":{"line":16,"column":1}},"3":{"start":{"line":10,"column":2},"end":{"line":15,"column":3}},"4":{"start":{"line":11,"column":19},"end":{"line":11,"column":62}},"5":{"start":{"line":12,"column":4},"end":{"line":12,"column":29}},"6":{"start":{"line":14,"column":4},"end":{"line":14,"column":46}},"7":{"start":{"line":18,"column":0},"end":{"line":18,"column":33}}},"fnMap":{"0":{"name":"(anonymous_0)","decl":{"start":{"line":9,"column":20},"end":{"line":9,"column":21}},"loc":{"start":{"line":9,"column":36},"end":{"line":16,"column":1}},"line":9}},"branchMap":{},"s":{"0":1,"1":1,"2":1,"3":0,"4":0,"5":0,"6":0,"7":1},"f":{"0":0},"b":{},"_coverageSchema":"1a1c01bbd47fc00a2c39e90264f33305004495a9","hash":"462437964bbbae7ae4bd2b3a7b4d998434fb2796"}
,"C:\\Users\\IqballFarhan\\Documents\\Hacktiv8\\Phase2\\Week3\\HackTruck\\server\\helpers\\gemini.js": {"path":"C:\\Users\\IqballFarhan\\Documents\\Hacktiv8\\Phase2\\Week3\\HackTruck\\server\\helpers\\gemini.js","statementMap":{"0":{"start":{"line":1,"column":14},"end":{"line":1,"column":90}},"1":{"start":{"line":1,"column":27},"end":{"line":1,"column":90}},"2":{"start":{"line":1,"column":75},"end":{"line":1,"column":89}},"3":{"start":{"line":5,"column":4},"end":{"line":6,"column":77}},"4":{"start":{"line":7,"column":15},"end":{"line":9,"column":3}},"5":{"start":{"line":11,"column":19},"end":{"line":15,"column":4}},"6":{"start":{"line":17,"column":2},"end":{"line":20,"column":3}},"7":{"start":{"line":18,"column":20},"end":{"line":18,"column":41}},"8":{"start":{"line":19,"column":4},"end":{"line":19,"column":52}},"9":{"start":{"line":21,"column":15},"end":{"line":21,"column":36}},"10":{"start":{"line":22,"column":2},"end":{"line":24,"column":4}},"11":{"start":{"line":27,"column":0},"end":{"line":27,"column":45}}},"fnMap":{"0":{"name":"(anonymous_0)","decl":{"start":{"line":1,"column":14},"end":{"line":1,"column":15}},"loc":{"start":{"line":1,"column":27},"end":{"line":1,"column":90}},"line":1},"1":{"name":"(anonymous_1)","decl":{"start":{"line":1,"column":53},"end":{"line":1,"column":54}},"loc":{"start":{"line":1,"column":75},"end":{"line":1,"column":89}},"line":1},"2":{"name":"getGeminiRecommendation","decl":{"start":{"line":3,"column":15},"end":{"line":3,"column":38}},"loc":{"start":{"line":3,"column":55},"end":{"line":25,"column":1}},"line":3}},"branchMap":{"0":{"loc":{"start":{"line":6,"column":5},"end":{"line":6,"column":76}},"type":"binary-expr","locations":[{"start":{"line":6,"column":5},"end":{"line":6,"column":46}},{"start":{"line":6,"column":50},"end":{"line":6,"column":76}}],"line":6},"1":{"loc":{"start":{"line":17,"column":2},"end":{"line":20,"column":3}},"type":"if","locations":[{"start":{"line":17,"column":2},"end":{"line":20,"column":3}},{"start":{},"end":{}}],"line":17},"2":{"loc":{"start":{"line":23,"column":4},"end":{"line":23,"column":78}},"type":"binary-expr","locations":[{"start":{"line":23,"column":4},"end":{"line":23,"column":51}},{"start":{"line":23,"column":55},"end":{"line":23,"column":78}}],"line":23}},"s":{"0":1,"1":0,"2":0,"3":0,"4":0,"5":0,"6":0,"7":0,"8":0,"9":0,"10":0,"11":1},"f":{"0":0,"1":0,"2":0},"b":{"0":[0,0],"1":[0,0],"2":[0,0]},"_coverageSchema":"1a1c01bbd47fc00a2c39e90264f33305004495a9","hash":"afa0a2b4b78e0cadab7d8853500ab7dfa4d263fb"}
,"C:\\Users\\IqballFarhan\\Documents\\Hacktiv8\\Phase2\\Week3\\HackTruck\\server\\helpers\\googleAuth.js": {"path":"C:\\Users\\IqballFarhan\\Documents\\Hacktiv8\\Phase2\\Week3\\HackTruck\\server\\helpers\\googleAuth.js","statementMap":{"0":{"start":{"line":1,"column":25},"end":{"line":1,"column":55}},"1":{"start":{"line":2,"column":15},"end":{"line":2,"column":61}},"2":{"start":{"line":4,"column":26},"end":{"line":15,"column":1}},"3":{"start":{"line":5,"column":2},"end":{"line":14,"column":3}},"4":{"start":{"line":6,"column":19},"end":{"line":9,"column":6}},"5":{"start":{"line":10,"column":4},"end":{"line":10,"column":31}},"6":{"start":{"line":12,"column":4},"end":{"line":12,"column":67}},"7":{"start":{"line":13,"column":4},"end":{"line":13,"column":44}},"8":{"start":{"line":17,"column":0},"end":{"line":17,"column":39}}},"fnMap":{"0":{"name":"(anonymous_0)","decl":{"start":{"line":4,"column":26},"end":{"line":4,"column":27}},"loc":{"start":{"line":4,"column":43},"end":{"line":15,"column":1}},"line":4}},"branchMap":{},"s":{"0":1,"1":1,"2":1,"3":1,"4":1,"5":0,"6":1,"7":1,"8":1},"f":{"0":1},"b":{},"_coverageSchema":"1a1c01bbd47fc00a2c39e90264f33305004495a9","hash":"dfa0680f5f4feebe5792b9ac45a3795ffdde4855"}
,"C:\\Users\\IqballFarhan\\Documents\\Hacktiv8\\Phase2\\Week3\\HackTruck\\server\\middleware\\authMiddleware.js": {"path":"C:\\Users\\IqballFarhan\\Documents\\Hacktiv8\\Phase2\\Week3\\HackTruck\\server\\middleware\\authMiddleware.js","statementMap":{"0":{"start":{"line":1,"column":12},"end":{"line":1,"column":35}},"1":{"start":{"line":2,"column":17},"end":{"line":2,"column":37}},"2":{"start":{"line":4,"column":16},"end":{"line":24,"column":1}},"3":{"start":{"line":5,"column":2},"end":{"line":23,"column":3}},"4":{"start":{"line":6,"column":18},"end":{"line":6,"column":58}},"5":{"start":{"line":7,"column":4},"end":{"line":9,"column":5}},"6":{"start":{"line":8,"column":6},"end":{"line":8,"column":65}},"7":{"start":{"line":11,"column":20},"end":{"line":11,"column":61}},"8":{"start":{"line":12,"column":4},"end":{"line":12,"column":47}},"9":{"start":{"line":14,"column":4},"end":{"line":16,"column":5}},"10":{"start":{"line":15,"column":6},"end":{"line":15,"column":65}},"11":{"start":{"line":18,"column":4},"end":{"line":18,"column":45}},"12":{"start":{"line":19,"column":4},"end":{"line":19,"column":11}},"13":{"start":{"line":21,"column":4},"end":{"line":21,"column":48}},"14":{"start":{"line":22,"column":4},"end":{"line":22,"column":56}},"15":{"start":{"line":26,"column":19},"end":{"line":33,"column":1}},"16":{"start":{"line":27,"column":2},"end":{"line":32,"column":4}},"17":{"start":{"line":28,"column":4},"end":{"line":30,"column":5}},"18":{"start":{"line":29,"column":6},"end":{"line":29,"column":81}},"19":{"start":{"line":31,"column":4},"end":{"line":31,"column":11}},"20":{"start":{"line":35,"column":0},"end":{"line":35,"column":41}}},"fnMap":{"0":{"name":"(anonymous_0)","decl":{"start":{"line":4,"column":16},"end":{"line":4,"column":17}},"loc":{"start":{"line":4,"column":42},"end":{"line":24,"column":1}},"line":4},"1":{"name":"(anonymous_1)","decl":{"start":{"line":26,"column":19},"end":{"line":26,"column":20}},"loc":{"start":{"line":26,"column":33},"end":{"line":33,"column":1}},"line":26},"2":{"name":"(anonymous_2)","decl":{"start":{"line":27,"column":9},"end":{"line":27,"column":10}},"loc":{"start":{"line":27,"column":29},"end":{"line":32,"column":3}},"line":27}},"branchMap":{"0":{"loc":{"start":{"line":7,"column":4},"end":{"line":9,"column":5}},"type":"if","locations":[{"start":{"line":7,"column":4},"end":{"line":9,"column":5}},{"start":{},"end":{}}],"line":7},"1":{"loc":{"start":{"line":14,"column":4},"end":{"line":16,"column":5}},"type":"if","locations":[{"start":{"line":14,"column":4},"end":{"line":16,"column":5}},{"start":{},"end":{}}],"line":14},"2":{"loc":{"start":{"line":28,"column":4},"end":{"line":30,"column":5}},"type":"if","locations":[{"start":{"line":28,"column":4},"end":{"line":30,"column":5}},{"start":{},"end":{}}],"line":28}},"s":{"0":1,"1":1,"2":1,"3":31,"4":31,"5":31,"6":7,"7":24,"8":23,"9":23,"10":0,"11":23,"12":23,"13":1,"14":1,"15":1,"16":4,"17":11,"18":2,"19":9,"20":1},"f":{"0":31,"1":4,"2":11},"b":{"0":[7,24],"1":[0,23],"2":[2,9]},"_coverageSchema":"1a1c01bbd47fc00a2c39e90264f33305004495a9","hash":"b1a452b1f62f006670a251248f9df83f4ca94a55"}
,"C:\\Users\\IqballFarhan\\Documents\\Hacktiv8\\Phase2\\Week3\\HackTruck\\server\\middleware\\errorMiddleware.js": {"path":"C:\\Users\\IqballFarhan\\Documents\\Hacktiv8\\Phase2\\Week3\\HackTruck\\server\\middleware\\errorMiddleware.js","statementMap":{"0":{"start":{"line":1,"column":21},"end":{"line":7,"column":3}},"1":{"start":{"line":2,"column":4},"end":{"line":2,"column":29}},"2":{"start":{"line":3,"column":4},"end":{"line":6,"column":7}},"3":{"start":{"line":9,"column":2},"end":{"line":9,"column":32}}},"fnMap":{"0":{"name":"(anonymous_0)","decl":{"start":{"line":1,"column":21},"end":{"line":1,"column":22}},"loc":{"start":{"line":1,"column":46},"end":{"line":7,"column":3}},"line":1}},"branchMap":{"0":{"loc":{"start":{"line":3,"column":15},"end":{"line":3,"column":32}},"type":"binary-expr","locations":[{"start":{"line":3,"column":15},"end":{"line":3,"column":25}},{"start":{"line":3,"column":29},"end":{"line":3,"column":32}}],"line":3},"1":{"loc":{"start":{"line":4,"column":15},"end":{"line":4,"column":53}},"type":"binary-expr","locations":[{"start":{"line":4,"column":15},"end":{"line":4,"column":26}},{"start":{"line":4,"column":30},"end":{"line":4,"column":53}}],"line":4},"2":{"loc":{"start":{"line":5,"column":13},"end":{"line":5,"column":75}},"type":"cond-expr","locations":[{"start":{"line":5,"column":54},"end":{"line":5,"column":63}},{"start":{"line":5,"column":66},"end":{"line":5,"column":75}}],"line":5}},"s":{"0":1,"1":9,"2":9,"3":1},"f":{"0":9},"b":{"0":[9,9],"1":[9,0],"2":[0,9]},"_coverageSchema":"1a1c01bbd47fc00a2c39e90264f33305004495a9","hash":"354f88e14b24582cba253fda37dda37fc1963349"}
,"C:\\Users\\IqballFarhan\\Documents\\Hacktiv8\\Phase2\\Week3\\HackTruck\\server\\models\\index.js": {"path":"C:\\Users\\IqballFarhan\\Documents\\Hacktiv8\\Phase2\\Week3\\HackTruck\\server\\models\\index.js","statementMap":{"0":{"start":{"line":3,"column":11},"end":{"line":3,"column":24}},"1":{"start":{"line":4,"column":13},"end":{"line":4,"column":28}},"2":{"start":{"line":5,"column":18},"end":{"line":5,"column":38}},"3":{"start":{"line":6,"column":16},"end":{"line":6,"column":34}},"4":{"start":{"line":7,"column":17},"end":{"line":7,"column":42}},"5":{"start":{"line":8,"column":12},"end":{"line":8,"column":49}},"6":{"start":{"line":9,"column":15},"end":{"line":9,"column":65}},"7":{"start":{"line":10,"column":11},"end":{"line":10,"column":13}},"8":{"start":{"line":13,"column":0},"end":{"line":17,"column":1}},"9":{"start":{"line":14,"column":2},"end":{"line":14,"column":74}},"10":{"start":{"line":16,"column":2},"end":{"line":16,"column":87}},"11":{"start":{"line":19,"column":0},"end":{"line":32,"column":5}},"12":{"start":{"line":22,"column":4},"end":{"line":27,"column":6}},"13":{"start":{"line":30,"column":18},"end":{"line":30,"column":85}},"14":{"start":{"line":31,"column":4},"end":{"line":31,"column":27}},"15":{"start":{"line":34,"column":0},"end":{"line":38,"column":3}},"16":{"start":{"line":35,"column":2},"end":{"line":37,"column":3}},"17":{"start":{"line":36,"column":4},"end":{"line":36,"column":32}},"18":{"start":{"line":40,"column":0},"end":{"line":40,"column":25}},"19":{"start":{"line":41,"column":0},"end":{"line":41,"column":25}},"20":{"start":{"line":43,"column":0},"end":{"line":43,"column":20}}},"fnMap":{"0":{"name":"(anonymous_0)","decl":{"start":{"line":21,"column":10},"end":{"line":21,"column":11}},"loc":{"start":{"line":21,"column":18},"end":{"line":28,"column":3}},"line":21},"1":{"name":"(anonymous_1)","decl":{"start":{"line":29,"column":11},"end":{"line":29,"column":12}},"loc":{"start":{"line":29,"column":19},"end":{"line":32,"column":3}},"line":29},"2":{"name":"(anonymous_2)","decl":{"start":{"line":34,"column":24},"end":{"line":34,"column":25}},"loc":{"start":{"line":34,"column":37},"end":{"line":38,"column":1}},"line":34}},"branchMap":{"0":{"loc":{"start":{"line":8,"column":12},"end":{"line":8,"column":49}},"type":"binary-expr","locations":[{"start":{"line":8,"column":12},"end":{"line":8,"column":32}},{"start":{"line":8,"column":36},"end":{"line":8,"column":49}}],"line":8},"1":{"loc":{"start":{"line":13,"column":0},"end":{"line":17,"column":1}},"type":"if","locations":[{"start":{"line":13,"column":0},"end":{"line":17,"column":1}},{"start":{"line":15,"column":7},"end":{"line":17,"column":1}}],"line":13},"2":{"loc":{"start":{"line":23,"column":6},"end":{"line":26,"column":37}},"type":"binary-expr","locations":[{"start":{"line":23,"column":6},"end":{"line":23,"column":29}},{"start":{"line":24,"column":6},"end":{"line":24,"column":23}},{"start":{"line":25,"column":6},"end":{"line":25,"column":30}},{"start":{"line":26,"column":6},"end":{"line":26,"column":37}}],"line":23},"3":{"loc":{"start":{"line":35,"column":2},"end":{"line":37,"column":3}},"type":"if","locations":[{"start":{"line":35,"column":2},"end":{"line":37,"column":3}},{"start":{},"end":{}}],"line":35}},"s":{"0":1,"1":1,"2":1,"3":1,"4":1,"5":1,"6":1,"7":1,"8":1,"9":0,"10":1,"11":1,"12":3,"13":2,"14":2,"15":1,"16":2,"17":2,"18":1,"19":1,"20":1},"f":{"0":3,"1":2,"2":2},"b":{"0":[1,0],"1":[0,1],"2":[3,3,2,2],"3":[2,0]},"_coverageSchema":"1a1c01bbd47fc00a2c39e90264f33305004495a9","hash":"7d01fcff0d32c51a485f6875f7c148146097d5bd"}
,"C:\\Users\\IqballFarhan\\Documents\\Hacktiv8\\Phase2\\Week3\\HackTruck\\server\\models\\post.js": {"path":"C:\\Users\\IqballFarhan\\Documents\\Hacktiv8\\Phase2\\Week3\\HackTruck\\server\\models\\post.js","statementMap":{"0":{"start":{"line":2,"column":18},"end":{"line":2,"column":38}},"1":{"start":{"line":3,"column":0},"end":{"line":71,"column":2}},"2":{"start":{"line":6,"column":6},"end":{"line":6,"column":62}},"3":{"start":{"line":9,"column":2},"end":{"line":69,"column":4}},"4":{"start":{"line":70,"column":2},"end":{"line":70,"column":14}}},"fnMap":{"0":{"name":"(anonymous_0)","decl":{"start":{"line":3,"column":17},"end":{"line":3,"column":18}},"loc":{"start":{"line":3,"column":43},"end":{"line":71,"column":1}},"line":3},"1":{"name":"(anonymous_1)","decl":{"start":{"line":5,"column":4},"end":{"line":5,"column":5}},"loc":{"start":{"line":5,"column":29},"end":{"line":7,"column":5}},"line":5}},"branchMap":{},"s":{"0":1,"1":1,"2":1,"3":1,"4":1},"f":{"0":1,"1":1},"b":{},"_coverageSchema":"1a1c01bbd47fc00a2c39e90264f33305004495a9","hash":"7047a659a3e2e81882a75d0ff7fdcba62bd16d29"}
,"C:\\Users\\IqballFarhan\\Documents\\Hacktiv8\\Phase2\\Week3\\HackTruck\\server\\models\\user.js": {"path":"C:\\Users\\IqballFarhan\\Documents\\Hacktiv8\\Phase2\\Week3\\HackTruck\\server\\models\\user.js","statementMap":{"0":{"start":{"line":2,"column":18},"end":{"line":2,"column":38}},"1":{"start":{"line":3,"column":0},"end":{"line":32,"column":2}},"2":{"start":{"line":6,"column":6},"end":{"line":6,"column":60}},"3":{"start":{"line":9,"column":2},"end":{"line":30,"column":5}},"4":{"start":{"line":31,"column":2},"end":{"line":31,"column":14}}},"fnMap":{"0":{"name":"(anonymous_0)","decl":{"start":{"line":3,"column":17},"end":{"line":3,"column":18}},"loc":{"start":{"line":3,"column":43},"end":{"line":32,"column":1}},"line":3},"1":{"name":"(anonymous_1)","decl":{"start":{"line":5,"column":4},"end":{"line":5,"column":5}},"loc":{"start":{"line":5,"column":29},"end":{"line":7,"column":5}},"line":5}},"branchMap":{},"s":{"0":1,"1":1,"2":1,"3":1,"4":1},"f":{"0":1,"1":1},"b":{},"_coverageSchema":"1a1c01bbd47fc00a2c39e90264f33305004495a9","hash":"fe22a35be5c75346f2881de42a4716aa487b67aa"}
,"C:\\Users\\IqballFarhan\\Documents\\Hacktiv8\\Phase2\\Week3\\HackTruck\\server\\routes\\aiRoutes.js": {"path":"C:\\Users\\IqballFarhan\\Documents\\Hacktiv8\\Phase2\\Week3\\HackTruck\\server\\routes\\aiRoutes.js","statementMap":{"0":{"start":{"line":1,"column":16},"end":{"line":1,"column":34}},"1":{"start":{"line":2,"column":15},"end":{"line":2,"column":31}},"2":{"start":{"line":3,"column":35},"end":{"line":3,"column":73}},"3":{"start":{"line":4,"column":20},"end":{"line":4,"column":59}},"4":{"start":{"line":6,"column":0},"end":{"line":6,"column":59}},"5":{"start":{"line":8,"column":0},"end":{"line":8,"column":24}}},"fnMap":{},"branchMap":{},"s":{"0":1,"1":1,"2":1,"3":1,"4":1,"5":1},"f":{},"b":{},"_coverageSchema":"1a1c01bbd47fc00a2c39e90264f33305004495a9","hash":"ec32e505bebc0863b9e02b82f99dc4b79232b2eb"}
,"C:\\Users\\IqballFarhan\\Documents\\Hacktiv8\\Phase2\\Week3\\HackTruck\\server\\routes\\authRoutes.js": {"path":"C:\\Users\\IqballFarhan\\Documents\\Hacktiv8\\Phase2\\Week3\\HackTruck\\server\\routes\\authRoutes.js","statementMap":{"0":{"start":{"line":1,"column":16},"end":{"line":1,"column":34}},"1":{"start":{"line":2,"column":15},"end":{"line":2,"column":31}},"2":{"start":{"line":3,"column":72},"end":{"line":3,"column":112}},"3":{"start":{"line":4,"column":20},"end":{"line":4,"column":59}},"4":{"start":{"line":7,"column":0},"end":{"line":7,"column":35}},"5":{"start":{"line":8,"column":0},"end":{"line":8,"column":29}},"6":{"start":{"line":9,"column":0},"end":{"line":9,"column":36}},"7":{"start":{"line":10,"column":0},"end":{"line":10,"column":55}},"8":{"start":{"line":11,"column":0},"end":{"line":11,"column":57}},"9":{"start":{"line":13,"column":0},"end":{"line":13,"column":24}}},"fnMap":{},"branchMap":{},"s":{"0":1,"1":1,"2":1,"3":1,"4":1,"5":1,"6":1,"7":1,"8":1,"9":1},"f":{},"b":{},"_coverageSchema":"1a1c01bbd47fc00a2c39e90264f33305004495a9","hash":"5d0fa90b27188d4a4fd9825a15534ec6c7db7d96"}
,"C:\\Users\\IqballFarhan\\Documents\\Hacktiv8\\Phase2\\Week3\\HackTruck\\server\\routes\\cargo.js": {"path":"C:\\Users\\IqballFarhan\\Documents\\Hacktiv8\\Phase2\\Week3\\HackTruck\\server\\routes\\cargo.js","statementMap":{"0":{"start":{"line":1,"column":16},"end":{"line":1,"column":34}},"1":{"start":{"line":2,"column":27},"end":{"line":2,"column":68}},"2":{"start":{"line":3,"column":15},"end":{"line":3,"column":31}},"3":{"start":{"line":5,"column":0},"end":{"line":5,"column":42}},"4":{"start":{"line":7,"column":0},"end":{"line":7,"column":24}}},"fnMap":{},"branchMap":{},"s":{"0":1,"1":1,"2":1,"3":1,"4":1},"f":{},"b":{},"_coverageSchema":"1a1c01bbd47fc00a2c39e90264f33305004495a9","hash":"a22e7979c28dd7766578b40cfc30b3c80d7c5b3d"}
,"C:\\Users\\IqballFarhan\\Documents\\Hacktiv8\\Phase2\\Week3\\HackTruck\\server\\routes\\postRoutes.js": {"path":"C:\\Users\\IqballFarhan\\Documents\\Hacktiv8\\Phase2\\Week3\\HackTruck\\server\\routes\\postRoutes.js","statementMap":{"0":{"start":{"line":1,"column":16},"end":{"line":1,"column":34}},"1":{"start":{"line":2,"column":15},"end":{"line":2,"column":31}},"2":{"start":{"line":9,"column":4},"end":{"line":9,"column":44}},"3":{"start":{"line":10,"column":32},"end":{"line":10,"column":71}},"4":{"start":{"line":11,"column":15},"end":{"line":11,"column":32}},"5":{"start":{"line":13,"column":15},"end":{"line":13,"column":43}},"6":{"start":{"line":15,"column":0},"end":{"line":15,"column":20}},"7":{"start":{"line":17,"column":0},"end":{"line":17,"column":26}},"8":{"start":{"line":18,"column":0},"end":{"line":18,"column":60}},"9":{"start":{"line":19,"column":0},"end":{"line":19,"column":75}},"10":{"start":{"line":20,"column":0},"end":{"line":20,"column":77}},"11":{"start":{"line":21,"column":0},"end":{"line":21,"column":56}},"12":{"start":{"line":23,"column":0},"end":{"line":23,"column":24}}},"fnMap":{},"branchMap":{},"s":{"0":1,"1":1,"2":1,"3":1,"4":1,"5":1,"6":1,"7":1,"8":1,"9":1,"10":1,"11":1,"12":1},"f":{},"b":{},"_coverageSchema":"1a1c01bbd47fc00a2c39e90264f33305004495a9","hash":"36263aecef0b0abf80af9a8199d760160c430978"}
}
