TN:
SF:app.js
FN:46,(anonymous_0)
FN:48,(anonymous_1)
FN:52,(anonymous_2)
FNF:3
FNH:2
FNDA:1,(anonymous_0)
FNDA:1,(anonymous_1)
FNDA:0,(anonymous_2)
DA:1,1
DA:2,1
DA:3,1
DA:4,1
DA:5,1
DA:6,1
DA:7,1
DA:8,1
DA:9,1
DA:11,1
DA:14,1
DA:21,1
DA:22,1
DA:23,1
DA:26,1
DA:27,1
DA:28,1
DA:29,1
DA:32,1
DA:37,1
DA:38,1
DA:42,1
DA:44,1
DA:47,1
DA:48,1
DA:49,1
DA:53,0
DA:56,1
LF:28
LH:27
BRDA:37,0,0,1
BRDA:37,0,1,0
BRDA:42,1,0,1
BRDA:42,1,1,0
BRF:4
BRH:2
end_of_record
TN:
SF:controllers\aiController.js
FN:10,(anonymous_0)
FN:19,(anonymous_1)
FN:25,(anonymous_2)
FN:34,(anonymous_3)
FN:70,(anonymous_4)
FN:101,(anonymous_5)
FNF:6
FNH:2
FNDA:3,(anonymous_0)
FNDA:3,(anonymous_1)
FNDA:0,(anonymous_2)
FNDA:0,(anonymous_3)
FNDA:0,(anonymous_4)
FNDA:0,(anonymous_5)
DA:1,1
DA:2,1
DA:3,1
DA:4,1
DA:6,1
DA:10,1
DA:13,3
DA:19,1
DA:20,3
DA:21,3
DA:24,3
DA:25,3
DA:31,3
DA:34,3
DA:36,0
DA:39,0
DA:40,0
DA:41,0
DA:43,0
DA:59,3
DA:60,3
DA:68,0
DA:70,0
DA:87,0
DA:94,0
DA:95,0
DA:96,0
DA:98,0
DA:101,0
DA:103,0
DA:106,0
DA:109,0
DA:114,0
DA:115,0
DA:122,1
LF:35
LH:17
BRDA:36,0,0,0
BRDA:36,0,1,0
BRDA:39,1,0,0
BRDA:39,1,1,0
BRDA:40,2,0,0
BRDA:40,2,1,0
BRDA:41,3,0,0
BRDA:41,3,1,0
BRDA:43,4,0,0
BRDA:43,4,1,0
BRDA:43,4,2,0
BRDA:43,4,3,0
BRDA:59,5,0,3
BRDA:59,5,1,0
BRDA:71,6,0,0
BRDA:71,6,1,0
BRDA:72,7,0,0
BRDA:72,7,1,0
BRDA:73,8,0,0
BRDA:73,8,1,0
BRDA:74,9,0,0
BRDA:74,9,1,0
BRDA:75,10,0,0
BRDA:75,10,1,0
BRDA:76,11,0,0
BRDA:76,11,1,0
BRDA:77,12,0,0
BRDA:77,12,1,0
BRDA:78,13,0,0
BRDA:78,13,1,0
BRDA:79,14,0,0
BRDA:79,14,1,0
BRDA:80,15,0,0
BRDA:80,15,1,0
BRDA:81,16,0,0
BRDA:81,16,1,0
BRDA:103,17,0,0
BRDA:103,17,1,0
BRF:38
BRH:1
end_of_record
TN:
SF:controllers\authController.js
FN:7,(anonymous_0)
FN:34,(anonymous_1)
FN:58,(anonymous_2)
FN:87,(anonymous_3)
FN:147,(anonymous_4)
FNF:5
FNH:5
FNDA:7,(anonymous_0)
FNDA:6,(anonymous_1)
FNDA:2,(anonymous_2)
FNDA:2,(anonymous_3)
FNDA:2,(anonymous_4)
DA:1,1
DA:2,1
DA:3,1
DA:4,1
DA:5,1
DA:7,1
DA:8,7
DA:9,7
DA:11,5
DA:12,5
DA:13,2
DA:16,3
DA:17,3
DA:24,3
DA:28,3
DA:30,2
DA:34,1
DA:35,6
DA:36,6
DA:37,5
DA:39,5
DA:40,2
DA:43,3
DA:44,3
DA:45,1
DA:48,2
DA:52,2
DA:54,1
DA:58,1
DA:59,2
DA:60,2
DA:61,1
DA:63,0
DA:65,0
DA:66,0
DA:74,0
DA:78,0
DA:83,2
DA:87,1
DA:88,2
DA:89,2
DA:90,1
DA:93,1
DA:94,0
DA:101,0
DA:102,0
DA:107,1
DA:108,0
DA:115,0
DA:116,0
DA:121,1
DA:122,1
DA:123,0
DA:127,1
DA:128,1
DA:129,1
DA:131,1
DA:134,1
DA:143,1
DA:147,1
DA:148,2
DA:149,2
DA:150,2
DA:153,2
DA:154,2
DA:155,0
DA:159,2
DA:160,0
DA:164,2
DA:165,2
DA:166,1
DA:170,1
DA:173,1
DA:174,1
DA:176,1
DA:178,0
DA:182,1
LF:77
LH:62
BRDA:12,0,0,2
BRDA:12,0,1,3
BRDA:39,1,0,2
BRDA:39,1,1,3
BRDA:39,2,0,5
BRDA:39,2,1,3
BRDA:44,3,0,1
BRDA:44,3,1,2
BRDA:65,4,0,0
BRDA:65,4,1,0
BRDA:93,5,0,0
BRDA:93,5,1,1
BRDA:101,6,0,0
BRDA:101,6,1,0
BRDA:107,7,0,0
BRDA:107,7,1,1
BRDA:115,8,0,0
BRDA:115,8,1,0
BRDA:122,9,0,0
BRDA:122,9,1,1
BRDA:127,10,0,1
BRDA:127,10,1,0
BRDA:128,11,0,0
BRDA:128,11,1,1
BRDA:129,12,0,0
BRDA:129,12,1,1
BRDA:154,13,0,0
BRDA:154,13,1,2
BRDA:159,14,0,0
BRDA:159,14,1,2
BRDA:165,15,0,1
BRDA:165,15,1,1
BRF:32
BRH:18
end_of_record
TN:
SF:controllers\cargoController.js
FN:4,(anonymous_0)
FN:16,(anonymous_1)
FN:19,(anonymous_2)
FN:22,(anonymous_3)
FN:25,(anonymous_4)
FN:29,(anonymous_5)
FN:52,(anonymous_6)
FNF:7
FNH:0
FNDA:0,(anonymous_0)
FNDA:0,(anonymous_1)
FNDA:0,(anonymous_2)
FNDA:0,(anonymous_3)
FNDA:0,(anonymous_4)
FNDA:0,(anonymous_5)
FNDA:0,(anonymous_6)
DA:1,1
DA:2,1
DA:4,1
DA:5,0
DA:6,0
DA:7,0
DA:8,0
DA:11,0
DA:14,0
DA:15,0
DA:16,0
DA:18,0
DA:19,0
DA:21,0
DA:22,0
DA:24,0
DA:25,0
DA:29,0
DA:30,0
DA:36,0
DA:48,0
DA:50,0
DA:52,0
DA:55,0
DA:56,0
DA:60,1
LF:26
LH:4
BRDA:14,0,0,0
BRDA:14,0,1,0
BRDA:15,1,0,0
BRDA:15,1,1,0
BRDA:18,2,0,0
BRDA:18,2,1,0
BRDA:21,3,0,0
BRDA:21,3,1,0
BRDA:24,4,0,0
BRDA:24,4,1,0
BRDA:32,5,0,0
BRDA:32,5,1,0
BRF:12
BRH:0
end_of_record
TN:
SF:controllers\postController.js
FN:5,(anonymous_0)
FN:37,(anonymous_1)
FN:71,(anonymous_2)
FN:83,(anonymous_3)
FN:126,(anonymous_4)
FNF:5
FNH:5
FNDA:3,(anonymous_0)
FNDA:4,(anonymous_1)
FNDA:1,(anonymous_2)
FNDA:2,(anonymous_3)
FNDA:3,(anonymous_4)
DA:1,1
DA:2,1
DA:3,1
DA:5,1
DA:6,3
DA:7,3
DA:10,3
DA:11,0
DA:15,3
DA:17,3
DA:30,2
DA:32,1
DA:33,1
DA:37,1
DA:38,4
DA:39,4
DA:40,4
DA:42,4
DA:43,4
DA:44,1
DA:49,4
DA:50,1
DA:53,4
DA:61,4
DA:67,0
DA:71,1
DA:72,1
DA:73,1
DA:77,1
DA:79,0
DA:83,1
DA:84,2
DA:85,2
DA:86,2
DA:88,1
DA:89,0
DA:92,1
DA:93,1
DA:94,0
DA:98,1
DA:101,1
DA:114,1
DA:117,1
DA:119,1
DA:121,1
DA:122,1
DA:126,1
DA:127,3
DA:128,3
DA:129,3
DA:131,2
DA:132,0
DA:135,2
DA:136,2
DA:138,1
DA:142,1
LF:56
LH:50
BRDA:10,0,0,0
BRDA:10,0,1,3
BRDA:15,1,0,2
BRDA:15,1,1,1
BRDA:39,2,0,3
BRDA:39,3,0,3
BRDA:39,4,0,4
BRDA:39,5,0,4
BRDA:43,6,0,1
BRDA:43,6,1,3
BRDA:49,7,0,1
BRDA:49,7,1,3
BRDA:88,8,0,0
BRDA:88,8,1,1
BRDA:93,9,0,0
BRDA:93,9,1,1
BRDA:98,10,0,1
BRDA:98,10,1,0
BRDA:102,11,0,1
BRDA:102,11,1,1
BRDA:103,12,0,1
BRDA:103,12,1,1
BRDA:104,13,0,1
BRDA:104,13,1,1
BRDA:105,14,0,1
BRDA:105,14,1,1
BRDA:106,15,0,1
BRDA:106,15,1,0
BRDA:107,16,0,1
BRDA:107,16,1,0
BRDA:109,17,0,1
BRDA:109,17,1,1
BRDA:131,18,0,0
BRDA:131,18,1,2
BRF:34
BRH:27
end_of_record
TN:
SF:helpers\cloudinary.js
FN:9,(anonymous_0)
FNF:1
FNH:0
FNDA:0,(anonymous_0)
DA:1,1
DA:3,1
DA:9,1
DA:10,0
DA:11,0
DA:12,0
DA:14,0
DA:18,1
LF:8
LH:4
BRF:0
BRH:0
end_of_record
TN:
SF:helpers\gemini.js
FN:1,(anonymous_0)
FN:1,(anonymous_1)
FN:3,getGeminiRecommendation
FNF:3
FNH:0
FNDA:0,(anonymous_0)
FNDA:0,(anonymous_1)
FNDA:0,getGeminiRecommendation
DA:1,1
DA:5,0
DA:7,0
DA:11,0
DA:17,0
DA:18,0
DA:19,0
DA:21,0
DA:22,0
DA:27,1
LF:10
LH:2
BRDA:6,0,0,0
BRDA:6,0,1,0
BRDA:17,1,0,0
BRDA:17,1,1,0
BRDA:23,2,0,0
BRDA:23,2,1,0
BRF:6
BRH:0
end_of_record
TN:
SF:helpers\googleAuth.js
FN:4,(anonymous_0)
FNF:1
FNH:1
FNDA:1,(anonymous_0)
DA:1,1
DA:2,1
DA:4,1
DA:5,1
DA:6,1
DA:10,0
DA:12,1
DA:13,1
DA:17,1
LF:9
LH:8
BRF:0
BRH:0
end_of_record
TN:
SF:middleware\authMiddleware.js
FN:4,(anonymous_0)
FN:26,(anonymous_1)
FN:27,(anonymous_2)
FNF:3
FNH:3
FNDA:31,(anonymous_0)
FNDA:4,(anonymous_1)
FNDA:11,(anonymous_2)
DA:1,1
DA:2,1
DA:4,1
DA:5,31
DA:6,31
DA:7,31
DA:8,7
DA:11,24
DA:12,23
DA:14,23
DA:15,0
DA:18,23
DA:19,23
DA:21,1
DA:22,1
DA:26,1
DA:27,4
DA:28,11
DA:29,2
DA:31,9
DA:35,1
LF:21
LH:20
BRDA:7,0,0,7
BRDA:7,0,1,24
BRDA:14,1,0,0
BRDA:14,1,1,23
BRDA:28,2,0,2
BRDA:28,2,1,9
BRF:6
BRH:5
end_of_record
TN:
SF:middleware\errorMiddleware.js
FN:1,(anonymous_0)
FNF:1
FNH:1
FNDA:9,(anonymous_0)
DA:1,1
DA:2,9
DA:3,9
DA:9,1
LF:4
LH:4
BRDA:3,0,0,9
BRDA:3,0,1,9
BRDA:4,1,0,9
BRDA:4,1,1,0
BRDA:5,2,0,0
BRDA:5,2,1,9
BRF:6
BRH:4
end_of_record
TN:
SF:models\index.js
FN:21,(anonymous_0)
FN:29,(anonymous_1)
FN:34,(anonymous_2)
FNF:3
FNH:3
FNDA:3,(anonymous_0)
FNDA:2,(anonymous_1)
FNDA:2,(anonymous_2)
DA:3,1
DA:4,1
DA:5,1
DA:6,1
DA:7,1
DA:8,1
DA:9,1
DA:10,1
DA:13,1
DA:14,0
DA:16,1
DA:19,1
DA:22,3
DA:30,2
DA:31,2
DA:34,1
DA:35,2
DA:36,2
DA:40,1
DA:41,1
DA:43,1
LF:21
LH:20
BRDA:8,0,0,1
BRDA:8,0,1,0
BRDA:13,1,0,0
BRDA:13,1,1,1
BRDA:23,2,0,3
BRDA:23,2,1,3
BRDA:23,2,2,2
BRDA:23,2,3,2
BRDA:35,3,0,2
BRDA:35,3,1,0
BRF:10
BRH:7
end_of_record
TN:
SF:models\post.js
FN:3,(anonymous_0)
FN:5,(anonymous_1)
FNF:2
FNH:2
FNDA:1,(anonymous_0)
FNDA:1,(anonymous_1)
DA:2,1
DA:3,1
DA:6,1
DA:9,1
DA:70,1
LF:5
LH:5
BRF:0
BRH:0
end_of_record
TN:
SF:models\user.js
FN:3,(anonymous_0)
FN:5,(anonymous_1)
FNF:2
FNH:2
FNDA:1,(anonymous_0)
FNDA:1,(anonymous_1)
DA:2,1
DA:3,1
DA:6,1
DA:9,1
DA:31,1
LF:5
LH:5
BRF:0
BRH:0
end_of_record
TN:
SF:routes\aiRoutes.js
FNF:0
FNH:0
DA:1,1
DA:2,1
DA:3,1
DA:4,1
DA:6,1
DA:8,1
LF:6
LH:6
BRF:0
BRH:0
end_of_record
TN:
SF:routes\authRoutes.js
FNF:0
FNH:0
DA:1,1
DA:2,1
DA:3,1
DA:4,1
DA:7,1
DA:8,1
DA:9,1
DA:10,1
DA:11,1
DA:13,1
LF:10
LH:10
BRF:0
BRH:0
end_of_record
TN:
SF:routes\cargo.js
FNF:0
FNH:0
DA:1,1
DA:2,1
DA:3,1
DA:5,1
DA:7,1
LF:5
LH:5
BRF:0
BRH:0
end_of_record
TN:
SF:routes\postRoutes.js
FNF:0
FNH:0
DA:1,1
DA:2,1
DA:9,1
DA:10,1
DA:11,1
DA:13,1
DA:15,1
DA:17,1
DA:18,1
DA:19,1
DA:20,1
DA:21,1
DA:23,1
LF:13
LH:13
BRF:0
BRH:0
end_of_record
